2025-04-30 10:39:03,050 - INFO - Ladatty viimeisin ID: 3748452
2025-04-30 10:39:03,051 - INFO - Ladatty 12 tietuetta tiedostosta match_data.json.
2025-04-30 10:39:03,051 - INFO - Skraperi käynnistyy. Aloitus ID: 3748453, Max ID:t tälle ajolle: 1
2025-04-30 10:39:03,051 - INFO - Käsitellään 1/1 : ID 3748453
2025-04-30 10:39:03,051 - INFO - --- Käsittely alkaa: ID 3748453 (https://tulospalvelu.palloliitto.fi/match/3748453/stats) ---
2025-04-30 10:39:03,051 - INFO - ====== WebDriver manager ======
2025-04-30 10:39:03,268 - INFO - Get LATEST chromedriver version for google-chrome
2025-04-30 10:39:03,287 - INFO - Get LATEST chromedriver version for google-chrome
2025-04-30 10:39:03,299 - INFO - There is no [linux64] chromedriver "135.0.7049.114" for browser google-chrome "135.0.7049" in cache
2025-04-30 10:39:03,299 - INFO - Get LATEST chromedriver version for google-chrome
2025-04-30 10:39:03,352 - INFO - WebDriver version 135.0.7049.114 selected
2025-04-30 10:39:03,355 - INFO - Modern chrome version https://storage.googleapis.com/chrome-for-testing-public/135.0.7049.114/linux64/chromedriver-linux64.zip
2025-04-30 10:39:03,355 - INFO - About to download new driver from https://storage.googleapis.com/chrome-for-testing-public/135.0.7049.114/linux64/chromedriver-linux64.zip
2025-04-30 10:39:03,404 - INFO - Driver downloading response is 200
2025-04-30 10:39:03,456 - INFO - Get LATEST chromedriver version for google-chrome
2025-04-30 10:39:03,578 - INFO - Driver has been saved in cache [/home/runner/.wdm/drivers/chromedriver/linux64/135.0.7049.114]
2025-04-30 10:40:06,945 - WARNING - Elementti 'div.widget-match' ei löytynyt ajoissa sivulla https://tulospalvelu.palloliitto.fi/match/3748453/stats (Otsikko: PK-35 – FC Lahti (Ykkösliiga)). Todennäköisesti sivu on tyhjä tai ei sisällä otteludataa. Yritetään jatkaa.
2025-04-30 10:40:07,077 - INFO - Kuvakaappaus tallennettu (wait timeout): scrape_cache/3748453_wait_timeout_err.png
2025-04-30 10:40:09,098 - INFO - Sivun https://tulospalvelu.palloliitto.fi/match/3748453/stats haku onnistui yrityksellä 1
2025-04-30 10:40:14,913 - ERROR - Virhe tapahtumien purussa (A): cannot access local variable 'player_name' where it is not associated with a value
Traceback (most recent call last):
  File "/home/runner/work/Ykk-nen2025/Ykk-nen2025/audience_scraper.py", line 172, in extract_events
    if player_name and goal_times_str: goal_times = re.findall(r"(\d+'?)", goal_times_str); [events['goals'].append({'player': player_name, 'time': time_val.replace("'", "") + "'", 'link': player_href}) for time_val in goal_times]; logger.debug(f"Löytyi maali (ylälista, {team_id_suffix}): {player_name} {goal_times}")
       ^^^^^^^^^^^
UnboundLocalError: cannot access local variable 'player_name' where it is not associated with a value
2025-04-30 10:40:14,921 - ERROR - Virhe tapahtumien purussa (B): cannot access local variable 'player_name' where it is not associated with a value
Traceback (most recent call last):
  File "/home/runner/work/Ykk-nen2025/Ykk-nen2025/audience_scraper.py", line 172, in extract_events
    if player_name and goal_times_str: goal_times = re.findall(r"(\d+'?)", goal_times_str); [events['goals'].append({'player': player_name, 'time': time_val.replace("'", "") + "'", 'link': player_href}) for time_val in goal_times]; logger.debug(f"Löytyi maali (ylälista, {team_id_suffix}): {player_name} {goal_times}")
       ^^^^^^^^^^^
UnboundLocalError: cannot access local variable 'player_name' where it is not associated with a value
2025-04-30 10:40:14,923 - WARNING - ID 3748453 eroaa sivulta löydetystä ID:stä 149415!
2025-04-30 10:40:14,923 - INFO - Käsittely valmis: ID 3748453. Tila: success_finished, Yleisö: 639, Tulos: 0–0, Tilastoja: 14, G+A: 0/0
2025-04-30 10:40:14,923 - INFO -   Tapahtumat (G/Y/R): Koti=0/0/0, Vieras=0/0/0
2025-04-30 10:40:14,923 - INFO - Välitallennus 1 ID:n jälkeen...
2025-04-30 10:40:14,924 - INFO - Tallennettu. Viimeisin ID: 3748453
2025-04-30 10:40:14,924 - INFO - Tallennetaan lopulliset tiedot ennen lopetusta...
2025-04-30 10:40:14,925 - INFO - --- Skrapaus valmis --- Kesto: 71.87s
2025-04-30 10:40:14,925 - INFO - Yritetty käsitellä (uutta/puuttuvaa): 1, Onnistui ('success*'): 1, Epäonnistui/Muu: 0
2025-04-30 10:40:14,925 - INFO - Viimeisin käsitelty ID: 3748453
2025-04-30 10:40:14,925 - INFO - Data tallennettu tiedostoon: match_data.json
2025-04-30 10:40:14,925 - INFO - Viimeisin ID tallennettu tiedostoon: last_match_id.txt
2025-04-30 10:40:14,925 - INFO - Skraperin suoritus päättyi.
2025-04-30 10:44:30,355 - INFO - Ladatty viimeisin ID: 3748450
2025-04-30 10:44:30,356 - INFO - Ladatty 13 tietuetta tiedostosta match_data.json.
2025-04-30 10:44:30,356 - INFO - Skraperi käynnistyy. Aloitus ID: 3748451, Max ID:t tälle ajolle: 10
2025-04-30 10:44:30,356 - INFO - Käsitellään 1/10 : ID 3748451
2025-04-30 10:44:30,356 - INFO - --- Käsittely alkaa: ID 3748451 (https://tulospalvelu.palloliitto.fi/match/3748451/stats) ---
2025-04-30 10:44:30,356 - INFO - ====== WebDriver manager ======
2025-04-30 10:44:31,525 - INFO - Get LATEST chromedriver version for google-chrome
2025-04-30 10:44:31,539 - INFO - Get LATEST chromedriver version for google-chrome
2025-04-30 10:44:31,548 - INFO - There is no [linux64] chromedriver "135.0.7049.114" for browser google-chrome "135.0.7049" in cache
2025-04-30 10:44:31,548 - INFO - Get LATEST chromedriver version for google-chrome
2025-04-30 10:44:31,599 - INFO - WebDriver version 135.0.7049.114 selected
2025-04-30 10:44:31,601 - INFO - Modern chrome version https://storage.googleapis.com/chrome-for-testing-public/135.0.7049.114/linux64/chromedriver-linux64.zip
2025-04-30 10:44:31,601 - INFO - About to download new driver from https://storage.googleapis.com/chrome-for-testing-public/135.0.7049.114/linux64/chromedriver-linux64.zip
2025-04-30 10:44:31,618 - INFO - Driver downloading response is 200
2025-04-30 10:44:31,659 - INFO - Get LATEST chromedriver version for google-chrome
2025-04-30 10:44:31,777 - INFO - Driver has been saved in cache [/home/runner/.wdm/drivers/chromedriver/linux64/135.0.7049.114]
2025-04-30 10:45:39,004 - WARNING - Elementti 'div.widget-match' ei löytynyt ajoissa sivulla https://tulospalvelu.palloliitto.fi/match/3748451/stats (Otsikko: SJK Akatemia – TPS (Ykkösliiga)). Todennäköisesti sivu on tyhjä tai ei sisällä otteludataa. Yritetään jatkaa.
2025-04-30 10:45:39,146 - INFO - Kuvakaappaus tallennettu (wait timeout): scrape_cache/3748451_wait_timeout_err.png
2025-04-30 10:45:41,167 - INFO - Sivun https://tulospalvelu.palloliitto.fi/match/3748451/stats haku onnistui yrityksellä 1
2025-04-30 10:45:47,211 - WARNING - ID 3748451 eroaa sivulta löydetystä ID:stä 149413!
2025-04-30 10:45:47,211 - INFO - Käsittely valmis: ID 3748451. Tila: success_finished, Yleisö: 1055, Tulos: 3–4, Tilastoja: 14, G+A: 0/0
2025-04-30 10:45:47,211 - INFO -   Tapahtumat (G/Y/R): Koti=1/0/1, Vieras=2/0/0
2025-04-30 10:45:49,712 - INFO - Käsitellään 2/10 : ID 3748452
2025-04-30 10:45:49,712 - INFO - --- Käsittely alkaa: ID 3748452 (https://tulospalvelu.palloliitto.fi/match/3748452/stats) ---
2025-04-30 10:45:49,712 - INFO - ====== WebDriver manager ======
2025-04-30 10:45:49,823 - INFO - Get LATEST chromedriver version for google-chrome
2025-04-30 10:45:49,834 - INFO - Get LATEST chromedriver version for google-chrome
2025-04-30 10:45:49,860 - INFO - Driver [/home/runner/.wdm/drivers/chromedriver/linux64/135.0.7049.114/chromedriver-linux64/chromedriver] found in cache
2025-04-30 10:46:51,643 - WARNING - Elementti 'div.widget-match' ei löytynyt ajoissa sivulla https://tulospalvelu.palloliitto.fi/match/3748452/stats (Otsikko: Jippo – SalPa (Ykkösliiga)). Todennäköisesti sivu on tyhjä tai ei sisällä otteludataa. Yritetään jatkaa.
2025-04-30 10:46:51,748 - INFO - Kuvakaappaus tallennettu (wait timeout): scrape_cache/3748452_wait_timeout_err.png
2025-04-30 10:46:53,768 - INFO - Sivun https://tulospalvelu.palloliitto.fi/match/3748452/stats haku onnistui yrityksellä 1
2025-04-30 10:46:59,663 - ERROR - Virhe tapahtumien purussa (B): cannot access local variable 'player_name' where it is not associated with a value
Traceback (most recent call last):
  File "/home/runner/work/Ykk-nen2025/Ykk-nen2025/audience_scraper.py", line 171, in extract_events
    if player_name and goal_times_str: goal_times = re.findall(r"(\d+'?)", goal_times_str); [events['goals'].append({'player': player_name, 'time': time_val.replace("'", "") + "'", 'link': player_href}) for time_val in goal_times]; logger.debug(f"Löytyi maali (ylälista, {team_id_suffix}): {player_name} {goal_times}")
       ^^^^^^^^^^^
UnboundLocalError: cannot access local variable 'player_name' where it is not associated with a value
2025-04-30 10:46:59,666 - WARNING - ID 3748452 eroaa sivulta löydetystä ID:stä 149414!
2025-04-30 10:46:59,666 - INFO - Käsittely valmis: ID 3748452. Tila: success_finished, Yleisö: 739, Tulos: 2–0, Tilastoja: 14, G+A: 0/0
2025-04-30 10:46:59,666 - INFO -   Tapahtumat (G/Y/R): Koti=1/0/0, Vieras=0/0/0
2025-04-30 10:46:59,666 - INFO - Päivitetään olemassa oleva data ID:lle 3748452
2025-04-30 10:47:02,166 - INFO - Käsitellään 3/10 : ID 3748453
2025-04-30 10:47:02,167 - INFO - --- Käsittely alkaa: ID 3748453 (https://tulospalvelu.palloliitto.fi/match/3748453/stats) ---
2025-04-30 10:47:02,167 - INFO - ====== WebDriver manager ======
2025-04-30 10:47:02,278 - INFO - Get LATEST chromedriver version for google-chrome
2025-04-30 10:47:02,289 - INFO - Get LATEST chromedriver version for google-chrome
2025-04-30 10:47:02,298 - INFO - Driver [/home/runner/.wdm/drivers/chromedriver/linux64/135.0.7049.114/chromedriver-linux64/chromedriver] found in cache
2025-04-30 10:48:04,082 - WARNING - Elementti 'div.widget-match' ei löytynyt ajoissa sivulla https://tulospalvelu.palloliitto.fi/match/3748453/stats (Otsikko: PK-35 – FC Lahti (Ykkösliiga)). Todennäköisesti sivu on tyhjä tai ei sisällä otteludataa. Yritetään jatkaa.
2025-04-30 10:48:04,194 - INFO - Kuvakaappaus tallennettu (wait timeout): scrape_cache/3748453_wait_timeout_err.png
2025-04-30 10:48:06,214 - INFO - Sivun https://tulospalvelu.palloliitto.fi/match/3748453/stats haku onnistui yrityksellä 1
2025-04-30 10:48:12,013 - ERROR - Virhe tapahtumien purussa (A): cannot access local variable 'player_name' where it is not associated with a value
Traceback (most recent call last):
  File "/home/runner/work/Ykk-nen2025/Ykk-nen2025/audience_scraper.py", line 171, in extract_events
    if player_name and goal_times_str: goal_times = re.findall(r"(\d+'?)", goal_times_str); [events['goals'].append({'player': player_name, 'time': time_val.replace("'", "") + "'", 'link': player_href}) for time_val in goal_times]; logger.debug(f"Löytyi maali (ylälista, {team_id_suffix}): {player_name} {goal_times}")
       ^^^^^^^^^^^
UnboundLocalError: cannot access local variable 'player_name' where it is not associated with a value
2025-04-30 10:48:12,020 - ERROR - Virhe tapahtumien purussa (B): cannot access local variable 'player_name' where it is not associated with a value
Traceback (most recent call last):
  File "/home/runner/work/Ykk-nen2025/Ykk-nen2025/audience_scraper.py", line 171, in extract_events
    if player_name and goal_times_str: goal_times = re.findall(r"(\d+'?)", goal_times_str); [events['goals'].append({'player': player_name, 'time': time_val.replace("'", "") + "'", 'link': player_href}) for time_val in goal_times]; logger.debug(f"Löytyi maali (ylälista, {team_id_suffix}): {player_name} {goal_times}")
       ^^^^^^^^^^^
UnboundLocalError: cannot access local variable 'player_name' where it is not associated with a value
2025-04-30 10:48:12,023 - WARNING - ID 3748453 eroaa sivulta löydetystä ID:stä 149415!
2025-04-30 10:48:12,023 - INFO - Käsittely valmis: ID 3748453. Tila: success_finished, Yleisö: 639, Tulos: 0–0, Tilastoja: 14, G+A: 0/0
2025-04-30 10:48:12,023 - INFO -   Tapahtumat (G/Y/R): Koti=0/0/0, Vieras=0/0/0
2025-04-30 10:48:12,023 - INFO - Päivitetään olemassa oleva data ID:lle 3748453
2025-04-30 10:48:14,523 - INFO - Käsitellään 4/10 : ID 3748454
2025-04-30 10:48:14,523 - INFO - --- Käsittely alkaa: ID 3748454 (https://tulospalvelu.palloliitto.fi/match/3748454/stats) ---
2025-04-30 10:48:14,523 - INFO - ====== WebDriver manager ======
2025-04-30 10:48:14,634 - INFO - Get LATEST chromedriver version for google-chrome
2025-04-30 10:48:14,644 - INFO - Get LATEST chromedriver version for google-chrome
2025-04-30 10:48:14,654 - INFO - Driver [/home/runner/.wdm/drivers/chromedriver/linux64/135.0.7049.114/chromedriver-linux64/chromedriver] found in cache
2025-04-30 10:49:16,315 - WARNING - Elementti 'div.widget-match' ei löytynyt ajoissa sivulla https://tulospalvelu.palloliitto.fi/match/3748454/stats (Otsikko: EIF – KäPa (Ykkösliiga)). Todennäköisesti sivu on tyhjä tai ei sisällä otteludataa. Yritetään jatkaa.
2025-04-30 10:49:16,426 - INFO - Kuvakaappaus tallennettu (wait timeout): scrape_cache/3748454_wait_timeout_err.png
2025-04-30 10:49:18,446 - INFO - Sivun https://tulospalvelu.palloliitto.fi/match/3748454/stats haku onnistui yrityksellä 1
2025-04-30 10:49:24,443 - WARNING - ID 3748454 eroaa sivulta löydetystä ID:stä 149416!
2025-04-30 10:49:24,443 - INFO - Käsittely valmis: ID 3748454. Tila: success_finished, Yleisö: 610, Tulos: 4–2, Tilastoja: 14, G+A: 0/0
2025-04-30 10:49:24,443 - INFO -   Tapahtumat (G/Y/R): Koti=1/0/0, Vieras=1/0/0
2025-04-30 10:49:26,943 - INFO - Käsitellään 5/10 : ID 3748455
2025-04-30 10:49:26,944 - INFO - --- Käsittely alkaa: ID 3748455 (https://tulospalvelu.palloliitto.fi/match/3748455/stats) ---
2025-04-30 10:49:26,944 - INFO - ====== WebDriver manager ======
2025-04-30 10:49:27,054 - INFO - Get LATEST chromedriver version for google-chrome
2025-04-30 10:49:27,065 - INFO - Get LATEST chromedriver version for google-chrome
2025-04-30 10:49:27,076 - INFO - Driver [/home/runner/.wdm/drivers/chromedriver/linux64/135.0.7049.114/chromedriver-linux64/chromedriver] found in cache
2025-04-30 10:50:28,338 - WARNING - Elementti 'div.widget-match' ei löytynyt ajoissa sivulla https://tulospalvelu.palloliitto.fi/match/3748455/stats (Otsikko: HJK Klubi 04 – JäPS (Ykkösliiga)). Todennäköisesti sivu on tyhjä tai ei sisällä otteludataa. Yritetään jatkaa.
2025-04-30 10:50:28,444 - INFO - Kuvakaappaus tallennettu (wait timeout): scrape_cache/3748455_wait_timeout_err.png
2025-04-30 10:50:30,464 - INFO - Sivun https://tulospalvelu.palloliitto.fi/match/3748455/stats haku onnistui yrityksellä 1
2025-04-30 10:50:36,497 - WARNING - ID 3748455 eroaa sivulta löydetystä ID:stä 149417!
2025-04-30 10:50:36,497 - INFO - Käsittely valmis: ID 3748455. Tila: success_finished, Yleisö: 290, Tulos: 4–6, Tilastoja: 14, G+A: 0/0
2025-04-30 10:50:36,497 - INFO -   Tapahtumat (G/Y/R): Koti=1/0/0, Vieras=2/0/0
2025-04-30 10:50:38,997 - INFO - Käsitellään 6/10 : ID 3748456
2025-04-30 10:50:38,997 - INFO - --- Käsittely alkaa: ID 3748456 (https://tulospalvelu.palloliitto.fi/match/3748456/stats) ---
2025-04-30 10:50:38,998 - INFO - ====== WebDriver manager ======
2025-04-30 10:50:39,107 - INFO - Get LATEST chromedriver version for google-chrome
2025-04-30 10:50:39,117 - INFO - Get LATEST chromedriver version for google-chrome
2025-04-30 10:50:39,127 - INFO - Driver [/home/runner/.wdm/drivers/chromedriver/linux64/135.0.7049.114/chromedriver-linux64/chromedriver] found in cache
2025-04-30 10:51:41,807 - WARNING - Elementti 'div.widget-match' ei löytynyt ajoissa sivulla https://tulospalvelu.palloliitto.fi/match/3748456/stats (Otsikko: TPS – Jippo (Ykkösliiga)). Todennäköisesti sivu on tyhjä tai ei sisällä otteludataa. Yritetään jatkaa.
2025-04-30 10:51:41,919 - INFO - Kuvakaappaus tallennettu (wait timeout): scrape_cache/3748456_wait_timeout_err.png
2025-04-30 10:51:43,939 - INFO - Sivun https://tulospalvelu.palloliitto.fi/match/3748456/stats haku onnistui yrityksellä 1
2025-04-30 10:51:49,935 - WARNING - ID 3748456 eroaa sivulta löydetystä ID:stä 149418!
2025-04-30 10:51:49,935 - INFO - Käsittely valmis: ID 3748456. Tila: success_finished, Yleisö: 922, Tulos: 2–1, Tilastoja: 14, G+A: 0/0
2025-04-30 10:51:49,935 - INFO -   Tapahtumat (G/Y/R): Koti=1/0/0, Vieras=1/0/0
2025-04-30 10:51:52,435 - INFO - Käsitellään 7/10 : ID 3748457
2025-04-30 10:51:52,436 - INFO - --- Käsittely alkaa: ID 3748457 (https://tulospalvelu.palloliitto.fi/match/3748457/stats) ---
2025-04-30 10:51:52,436 - INFO - ====== WebDriver manager ======
2025-04-30 10:51:52,549 - INFO - Get LATEST chromedriver version for google-chrome
2025-04-30 10:51:52,560 - INFO - Get LATEST chromedriver version for google-chrome
2025-04-30 10:51:52,570 - INFO - Driver [/home/runner/.wdm/drivers/chromedriver/linux64/135.0.7049.114/chromedriver-linux64/chromedriver] found in cache
2025-04-30 10:52:54,278 - WARNING - Elementti 'div.widget-match' ei löytynyt ajoissa sivulla https://tulospalvelu.palloliitto.fi/match/3748457/stats (Otsikko: KäPa – SJK Akatemia (Ykkösliiga)). Todennäköisesti sivu on tyhjä tai ei sisällä otteludataa. Yritetään jatkaa.
2025-04-30 10:52:54,383 - INFO - Kuvakaappaus tallennettu (wait timeout): scrape_cache/3748457_wait_timeout_err.png
2025-04-30 10:52:56,403 - INFO - Sivun https://tulospalvelu.palloliitto.fi/match/3748457/stats haku onnistui yrityksellä 1
2025-04-30 10:53:02,198 - ERROR - Virhe tapahtumien purussa (A): cannot access local variable 'player_name' where it is not associated with a value
Traceback (most recent call last):
  File "/home/runner/work/Ykk-nen2025/Ykk-nen2025/audience_scraper.py", line 171, in extract_events
    if player_name and goal_times_str: goal_times = re.findall(r"(\d+'?)", goal_times_str); [events['goals'].append({'player': player_name, 'time': time_val.replace("'", "") + "'", 'link': player_href}) for time_val in goal_times]; logger.debug(f"Löytyi maali (ylälista, {team_id_suffix}): {player_name} {goal_times}")
       ^^^^^^^^^^^
UnboundLocalError: cannot access local variable 'player_name' where it is not associated with a value
2025-04-30 10:53:02,298 - WARNING - ID 3748457 eroaa sivulta löydetystä ID:stä 149419!
2025-04-30 10:53:02,298 - INFO - Käsittely valmis: ID 3748457. Tila: success_finished, Yleisö: 168, Tulos: 0–3, Tilastoja: 14, G+A: 0/0
2025-04-30 10:53:02,298 - INFO -   Tapahtumat (G/Y/R): Koti=0/0/0, Vieras=2/0/0
2025-04-30 10:53:04,798 - INFO - Käsitellään 8/10 : ID 3748458
2025-04-30 10:53:04,798 - INFO - --- Käsittely alkaa: ID 3748458 (https://tulospalvelu.palloliitto.fi/match/3748458/stats) ---
2025-04-30 10:53:04,799 - INFO - ====== WebDriver manager ======
2025-04-30 10:53:04,908 - INFO - Get LATEST chromedriver version for google-chrome
2025-04-30 10:53:04,918 - INFO - Get LATEST chromedriver version for google-chrome
2025-04-30 10:53:04,929 - INFO - Driver [/home/runner/.wdm/drivers/chromedriver/linux64/135.0.7049.114/chromedriver-linux64/chromedriver] found in cache
2025-04-30 10:54:06,560 - WARNING - Elementti 'div.widget-match' ei löytynyt ajoissa sivulla https://tulospalvelu.palloliitto.fi/match/3748458/stats (Otsikko: EIF – JäPS (Ykkösliiga)). Todennäköisesti sivu on tyhjä tai ei sisällä otteludataa. Yritetään jatkaa.
2025-04-30 10:54:06,663 - INFO - Kuvakaappaus tallennettu (wait timeout): scrape_cache/3748458_wait_timeout_err.png
2025-04-30 10:54:08,684 - INFO - Sivun https://tulospalvelu.palloliitto.fi/match/3748458/stats haku onnistui yrityksellä 1
2025-04-30 10:54:14,674 - WARNING - ID 3748458 eroaa sivulta löydetystä ID:stä 149420!
2025-04-30 10:54:14,674 - INFO - Käsittely valmis: ID 3748458. Tila: success_finished, Yleisö: 501, Tulos: 4–2, Tilastoja: 14, G+A: 0/0
2025-04-30 10:54:14,674 - INFO -   Tapahtumat (G/Y/R): Koti=2/0/0, Vieras=1/0/0
2025-04-30 10:54:17,174 - INFO - Käsitellään 9/10 : ID 3748459
2025-04-30 10:54:17,174 - INFO - --- Käsittely alkaa: ID 3748459 (https://tulospalvelu.palloliitto.fi/match/3748459/stats) ---
2025-04-30 10:54:17,174 - INFO - ====== WebDriver manager ======
2025-04-30 10:54:17,285 - INFO - Get LATEST chromedriver version for google-chrome
2025-04-30 10:54:17,295 - INFO - Get LATEST chromedriver version for google-chrome
2025-04-30 10:54:17,306 - INFO - Driver [/home/runner/.wdm/drivers/chromedriver/linux64/135.0.7049.114/chromedriver-linux64/chromedriver] found in cache
2025-04-30 10:55:18,904 - WARNING - Elementti 'div.widget-match' ei löytynyt ajoissa sivulla https://tulospalvelu.palloliitto.fi/match/3748459/stats (Otsikko: SalPa – PK-35 (Ykkösliiga)). Todennäköisesti sivu on tyhjä tai ei sisällä otteludataa. Yritetään jatkaa.
2025-04-30 10:55:19,036 - INFO - Kuvakaappaus tallennettu (wait timeout): scrape_cache/3748459_wait_timeout_err.png
2025-04-30 10:55:21,056 - INFO - Sivun https://tulospalvelu.palloliitto.fi/match/3748459/stats haku onnistui yrityksellä 1
2025-04-30 10:55:27,053 - WARNING - ID 3748459 eroaa sivulta löydetystä ID:stä 149421!
2025-04-30 10:55:27,054 - INFO - Käsittely valmis: ID 3748459. Tila: success_finished, Yleisö: 474, Tulos: 1–2, Tilastoja: 14, G+A: 0/0
2025-04-30 10:55:27,054 - INFO -   Tapahtumat (G/Y/R): Koti=1/0/0, Vieras=1/0/0
2025-04-30 10:55:29,554 - INFO - Käsitellään 10/10 : ID 3748460
2025-04-30 10:55:29,554 - INFO - --- Käsittely alkaa: ID 3748460 (https://tulospalvelu.palloliitto.fi/match/3748460/stats) ---
2025-04-30 10:55:29,554 - INFO - ====== WebDriver manager ======
2025-04-30 10:55:29,664 - INFO - Get LATEST chromedriver version for google-chrome
2025-04-30 10:55:29,678 - INFO - Get LATEST chromedriver version for google-chrome
2025-04-30 10:55:29,689 - INFO - Driver [/home/runner/.wdm/drivers/chromedriver/linux64/135.0.7049.114/chromedriver-linux64/chromedriver] found in cache
2025-04-30 10:56:31,531 - WARNING - Elementti 'div.widget-match' ei löytynyt ajoissa sivulla https://tulospalvelu.palloliitto.fi/match/3748460/stats (Otsikko: HJK Klubi 04 – FC Lahti (Ykkösliiga)). Todennäköisesti sivu on tyhjä tai ei sisällä otteludataa. Yritetään jatkaa.
2025-04-30 10:56:31,641 - INFO - Kuvakaappaus tallennettu (wait timeout): scrape_cache/3748460_wait_timeout_err.png
2025-04-30 10:56:33,661 - INFO - Sivun https://tulospalvelu.palloliitto.fi/match/3748460/stats haku onnistui yrityksellä 1
2025-04-30 10:56:39,456 - ERROR - Virhe tapahtumien purussa (A): cannot access local variable 'player_name' where it is not associated with a value
Traceback (most recent call last):
  File "/home/runner/work/Ykk-nen2025/Ykk-nen2025/audience_scraper.py", line 171, in extract_events
    if player_name and goal_times_str: goal_times = re.findall(r"(\d+'?)", goal_times_str); [events['goals'].append({'player': player_name, 'time': time_val.replace("'", "") + "'", 'link': player_href}) for time_val in goal_times]; logger.debug(f"Löytyi maali (ylälista, {team_id_suffix}): {player_name} {goal_times}")
       ^^^^^^^^^^^
UnboundLocalError: cannot access local variable 'player_name' where it is not associated with a value
2025-04-30 10:56:39,559 - WARNING - ID 3748460 eroaa sivulta löydetystä ID:stä 149422!
2025-04-30 10:56:39,559 - INFO - Käsittely valmis: ID 3748460. Tila: success_finished, Yleisö: 311, Tulos: 0–2, Tilastoja: 14, G+A: 0/0
2025-04-30 10:56:39,559 - INFO -   Tapahtumat (G/Y/R): Koti=0/0/0, Vieras=2/0/0
2025-04-30 10:56:39,559 - INFO - Välitallennus 10 ID:n jälkeen...
2025-04-30 10:56:39,561 - INFO - Tallennettu. Viimeisin ID: 3748460
2025-04-30 10:56:39,561 - INFO - Tallennetaan lopulliset tiedot ennen lopetusta...
2025-04-30 10:56:39,563 - INFO - --- Skrapaus valmis --- Kesto: 729.21s
2025-04-30 10:56:39,563 - INFO - Yritetty käsitellä (uutta/puuttuvaa): 10, Onnistui ('success*'): 10, Epäonnistui/Muu: 0
2025-04-30 10:56:39,563 - INFO - Viimeisin käsitelty ID: 3748460
2025-04-30 10:56:39,563 - INFO - Data tallennettu tiedostoon: match_data.json
2025-04-30 10:56:39,563 - INFO - Viimeisin ID tallennettu tiedostoon: last_match_id.txt
2025-04-30 10:56:39,563 - INFO - Skraperin suoritus päättyi.
